<?xml version="1.0" encoding="UTF-8"?>
<testng-results ignored="0" total="1" passed="1" failed="0" skipped="0">
  <reporter-output>
  </reporter-output>
  <suite started-at="2022-11-01T23:41:24 EDT" name="Surefire suite" finished-at="2022-11-01T23:41:26 EDT" duration-ms="1819">
    <groups>
    </groups>
    <test started-at="2022-11-01T23:41:24 EDT" name="Surefire test" finished-at="2022-11-01T23:41:26 EDT" duration-ms="1819">
      <class name="pangiamHomePage.PangiamHomePageTest">
        <test-method signature="UserLaunchWebPage()[pri:0, instance:pangiamHomePage.PangiamHomePageTest@5d740a0f]" started-at="2022-11-01T23:41:24 EDT" name="UserLaunchWebPage" finished-at="2022-11-01T23:41:26 EDT" duration-ms="1789" status="PASS">
          <reporter-output>
          </reporter-output>
        </test-method> <!-- UserLaunchWebPage -->
      </class> <!-- pangiamHomePage.PangiamHomePageTest -->
    </test> <!-- Surefire test -->
  </suite> <!-- Surefire suite -->
</testng-results>
