<?xml version="1.0" encoding="UTF-8"?>
<testng-results ignored="0" total="1" passed="1" failed="0" skipped="0">
  <reporter-output>
  </reporter-output>
  <suite started-at="2022-10-30T23:43:06 EDT" name="pangiam" finished-at="2022-10-30T23:43:17 EDT" duration-ms="11767">
    <groups>
    </groups>
    <test started-at="2022-10-30T23:43:06 EDT" name="my name" finished-at="2022-10-30T23:43:17 EDT" duration-ms="11767">
      <class name="pangiamHomePage.PangiamHomePageTest">
        <test-method is-config="true" signature="setup()[pri:0, instance:pangiamHomePage.PangiamHomePageTest@657c8ad9]" started-at="2022-10-30T23:43:06 EDT" name="setup" finished-at="2022-10-30T23:43:06 EDT" duration-ms="11" status="PASS">
          <reporter-output>
          </reporter-output>
        </test-method> <!-- setup -->
        <test-method is-config="true" signature="start()[pri:0, instance:pangiamHomePage.PangiamHomePageTest@657c8ad9]" started-at="2022-10-30T23:43:06 EDT" name="start" finished-at="2022-10-30T23:43:09 EDT" duration-ms="3174" status="PASS">
          <reporter-output>
          </reporter-output>
        </test-method> <!-- start -->
        <test-method signature="UserLaunchWebPage()[pri:0, instance:pangiamHomePage.PangiamHomePageTest@657c8ad9]" started-at="2022-10-30T23:43:09 EDT" name="UserLaunchWebPage" finished-at="2022-10-30T23:43:17 EDT" duration-ms="8300" status="PASS">
          <reporter-output>
          </reporter-output>
        </test-method> <!-- UserLaunchWebPage -->
        <test-method is-config="true" signature="end()[pri:0, instance:pangiamHomePage.PangiamHomePageTest@657c8ad9]" started-at="2022-10-30T23:43:17 EDT" name="end" finished-at="2022-10-30T23:43:17 EDT" duration-ms="247" status="PASS">
          <reporter-output>
          </reporter-output>
        </test-method> <!-- end -->
        <test-method is-config="true" signature="tearup()[pri:0, instance:pangiamHomePage.PangiamHomePageTest@657c8ad9]" started-at="2022-10-30T23:43:17 EDT" name="tearup" finished-at="2022-10-30T23:43:17 EDT" duration-ms="1" status="PASS">
          <reporter-output>
          </reporter-output>
        </test-method> <!-- tearup -->
      </class> <!-- pangiamHomePage.PangiamHomePageTest -->
    </test> <!-- my name -->
  </suite> <!-- pangiam -->
</testng-results>
